2014/04/01 22:08:18 [error] [exception.CHttpException.403] exception 'CHttpException' with message 'You are not allowed to access this page.' in /var/www/yii/framework/gii/GiiModule.php:168
Stack trace:
#0 /var/www/yii/framework/web/CController.php(263): GiiModule->beforeControllerAction(Object(DefaultController), Object(CInlineAction))
#1 /var/www/yii/framework/web/CWebApplication.php(282): CController->run('')
#2 /var/www/yii/framework/web/CWebApplication.php(141): CWebApplication->runController('gii')
#3 /var/www/yii/framework/base/CApplication.php(169): CWebApplication->processRequest()
#4 /var/www/youyuan/index.php(13): CApplication->run()
#5 {main}
REQUEST_URI=/index.php?r=gii
---
2014/04/01 22:09:41 [error] [exception.CHttpException.403] exception 'CHttpException' with message 'You are not allowed to access this page.' in /var/www/yii/framework/gii/GiiModule.php:168
Stack trace:
#0 /var/www/yii/framework/web/CController.php(263): GiiModule->beforeControllerAction(Object(DefaultController), Object(CInlineAction))
#1 /var/www/yii/framework/web/CWebApplication.php(282): CController->run('')
#2 /var/www/yii/framework/web/CWebApplication.php(141): CWebApplication->runController('gii')
#3 /var/www/yii/framework/base/CApplication.php(169): CWebApplication->processRequest()
#4 /var/www/youyuan/index.php(13): CApplication->run()
#5 {main}
REQUEST_URI=/index.php?r=gii
---
2014/04/01 22:09:42 [error] [exception.CHttpException.403] exception 'CHttpException' with message 'You are not allowed to access this page.' in /var/www/yii/framework/gii/GiiModule.php:168
Stack trace:
#0 /var/www/yii/framework/web/CController.php(263): GiiModule->beforeControllerAction(Object(DefaultController), Object(CInlineAction))
#1 /var/www/yii/framework/web/CWebApplication.php(282): CController->run('')
#2 /var/www/yii/framework/web/CWebApplication.php(141): CWebApplication->runController('gii')
#3 /var/www/yii/framework/base/CApplication.php(169): CWebApplication->processRequest()
#4 /var/www/youyuan/index.php(13): CApplication->run()
#5 {main}
REQUEST_URI=/index.php?r=gii
---
2014/04/01 22:09:43 [error] [exception.CHttpException.403] exception 'CHttpException' with message 'You are not allowed to access this page.' in /var/www/yii/framework/gii/GiiModule.php:168
Stack trace:
#0 /var/www/yii/framework/web/CController.php(263): GiiModule->beforeControllerAction(Object(DefaultController), Object(CInlineAction))
#1 /var/www/yii/framework/web/CWebApplication.php(282): CController->run('')
#2 /var/www/yii/framework/web/CWebApplication.php(141): CWebApplication->runController('gii')
#3 /var/www/yii/framework/base/CApplication.php(169): CWebApplication->processRequest()
#4 /var/www/youyuan/index.php(13): CApplication->run()
#5 {main}
REQUEST_URI=/index.php?r=gii
---
2014/04/01 22:09:43 [error] [exception.CHttpException.403] exception 'CHttpException' with message 'You are not allowed to access this page.' in /var/www/yii/framework/gii/GiiModule.php:168
Stack trace:
#0 /var/www/yii/framework/web/CController.php(263): GiiModule->beforeControllerAction(Object(DefaultController), Object(CInlineAction))
#1 /var/www/yii/framework/web/CWebApplication.php(282): CController->run('')
#2 /var/www/yii/framework/web/CWebApplication.php(141): CWebApplication->runController('gii')
#3 /var/www/yii/framework/base/CApplication.php(169): CWebApplication->processRequest()
#4 /var/www/youyuan/index.php(13): CApplication->run()
#5 {main}
REQUEST_URI=/index.php?r=gii
---
2014/04/01 22:09:43 [error] [exception.CHttpException.403] exception 'CHttpException' with message 'You are not allowed to access this page.' in /var/www/yii/framework/gii/GiiModule.php:168
Stack trace:
#0 /var/www/yii/framework/web/CController.php(263): GiiModule->beforeControllerAction(Object(DefaultController), Object(CInlineAction))
#1 /var/www/yii/framework/web/CWebApplication.php(282): CController->run('')
#2 /var/www/yii/framework/web/CWebApplication.php(141): CWebApplication->runController('gii')
#3 /var/www/yii/framework/base/CApplication.php(169): CWebApplication->processRequest()
#4 /var/www/youyuan/index.php(13): CApplication->run()
#5 {main}
REQUEST_URI=/index.php?r=gii
---
2014/04/01 23:06:37 [error] [exception.CHttpException.400] exception 'CHttpException' with message 'Your request is invalid.' in /var/www/yii/framework/web/CController.php:336
Stack trace:
#0 /var/www/yii/framework/web/CController.php(309): CController->invalidActionParams(Object(CInlineAction))
#1 /var/www/yii/framework/web/CController.php(286): CController->runAction(Object(CInlineAction))
#2 /var/www/yii/framework/web/CController.php(265): CController->runActionWithFilters(Object(CInlineAction), Array)
#3 /var/www/yii/framework/web/CWebApplication.php(282): CController->run('')
#4 /var/www/yii/framework/web/CWebApplication.php(141): CWebApplication->runController('')
#5 /var/www/yii/framework/base/CApplication.php(169): CWebApplication->processRequest()
#6 /var/www/youyuan/index.php(14): CApplication->run()
#7 {main}
REQUEST_URI=/
---
2014/04/01 23:57:48 [error] [php] Undefined index: LoginForm (/var/www/youyuan/protected/controllers/SiteController.php:89)
Stack trace:
#0 /var/www/yii/framework/web/CController.php(286): SiteController->runAction()
#1 /var/www/yii/framework/web/CController.php(265): SiteController->runActionWithFilters()
#2 /var/www/yii/framework/web/CWebApplication.php(282): SiteController->run()
#3 /var/www/yii/framework/web/CWebApplication.php(141): CWebApplication->runController()
#4 /var/www/yii/framework/base/CApplication.php(169): CWebApplication->processRequest()
#5 /var/www/youyuan/index.php(14): CWebApplication->run()
REQUEST_URI=/index.php?r=site/login
in /var/www/youyuan/protected/controllers/SiteController.php (89)
in /var/www/youyuan/index.php (14)
2014/04/02 01:01:30 [error] [php] include(CMessage.php): failed to open stream: No such file or directory (/var/www/yii/framework/YiiBase.php:421)
Stack trace:
#0 /var/www/youyuan/protected/controllers/SiteController.php(30): spl_autoload_call()
#1 /var/www/yii/framework/web/actions/CInlineAction.php(49): SiteController->actionIndex()
#2 /var/www/yii/framework/web/CController.php(308): CInlineAction->runWithParams()
#3 /var/www/yii/framework/web/CController.php(286): SiteController->runAction()
#4 /var/www/yii/framework/web/CController.php(265): SiteController->runActionWithFilters()
#5 /var/www/yii/framework/web/CWebApplication.php(282): SiteController->run()
#6 /var/www/yii/framework/web/CWebApplication.php(141): CWebApplication->runController()
#7 /var/www/yii/framework/base/CApplication.php(169): CWebApplication->processRequest()
#8 /var/www/youyuan/index.php(13): CWebApplication->run()
REQUEST_URI=/index.php
in /var/www/youyuan/protected/controllers/SiteController.php (30)
in /var/www/youyuan/index.php (13)
2014/04/02 01:02:52 [error] [exception.CException] exception 'CException' with message 'SiteController and its behaviors do not have a method or closure named "show".' in /var/www/yii/framework/base/CComponent.php:265
Stack trace:
#0 /var/www/yii/framework/web/helpers/CMessage.php(19): CComponent->__call('show', Array)
#1 /var/www/yii/framework/web/helpers/CMessage.php(19): SiteController->show(0, 'succ', Array)
#2 /var/www/youyuan/protected/controllers/SiteController.php(30): CMessage->showSucc()
#3 /var/www/yii/framework/web/actions/CInlineAction.php(49): SiteController->actionIndex()
#4 /var/www/yii/framework/web/CController.php(308): CInlineAction->runWithParams(Array)
#5 /var/www/yii/framework/web/CController.php(286): CController->runAction(Object(CInlineAction))
#6 /var/www/yii/framework/web/CController.php(265): CController->runActionWithFilters(Object(CInlineAction), Array)
#7 /var/www/yii/framework/web/CWebApplication.php(282): CController->run('')
#8 /var/www/yii/framework/web/CWebApplication.php(141): CWebApplication->runController('')
#9 /var/www/yii/framework/base/CApplication.php(169): CWebApplication->processRequest()
#10 /var/www/youyuan/index.php(13): CApplication->run()
#11 {main}
REQUEST_URI=/index.php
---
2014/04/03 07:08:02 [error] [php] Missing argument 1 for CActiveRecord::findAllByAttributes(), called in /var/www/youyuan/protected/controllers/SiteController.php on line 34 and defined (/var/www/yii/framework/db/ar/CActiveRecord.php:1477)
Stack trace:
#0 /var/www/yii/framework/web/CController.php(308): CInlineAction->runWithParams()
#1 /var/www/yii/framework/web/CController.php(286): SiteController->runAction()
#2 /var/www/yii/framework/web/CController.php(265): SiteController->runActionWithFilters()
#3 /var/www/yii/framework/web/CWebApplication.php(282): SiteController->run()
#4 /var/www/yii/framework/web/CWebApplication.php(141): CWebApplication->runController()
#5 /var/www/yii/framework/base/CApplication.php(169): CWebApplication->processRequest()
#6 /var/www/youyuan/index.php(13): CWebApplication->run()
REQUEST_URI=/
in /var/www/youyuan/protected/controllers/SiteController.php (34)
in /var/www/youyuan/index.php (13)
2014/04/03 07:28:59 [error] [php] Trying to get property of non-object (/var/www/youyuan/protected/views/site/index.php:80)
Stack trace:
#0 /var/www/yii/framework/web/CController.php(869): SiteController->renderFile()
#1 /var/www/youyuan/protected/controllers/SiteController.php(41): SiteController->renderPartial()
#2 /var/www/yii/framework/web/actions/CInlineAction.php(49): SiteController->actionIndex()
#3 /var/www/yii/framework/web/CController.php(308): CInlineAction->runWithParams()
#4 /var/www/yii/framework/web/CController.php(286): SiteController->runAction()
#5 /var/www/yii/framework/web/CController.php(265): SiteController->runActionWithFilters()
#6 /var/www/yii/framework/web/CWebApplication.php(282): SiteController->run()
#7 /var/www/yii/framework/web/CWebApplication.php(141): CWebApplication->runController()
#8 /var/www/yii/framework/base/CApplication.php(169): CWebApplication->processRequest()
#9 /var/www/youyuan/index.php(13): CWebApplication->run()
REQUEST_URI=/
in /var/www/youyuan/protected/views/site/index.php (80)
in /var/www/youyuan/protected/controllers/SiteController.php (41)
in /var/www/youyuan/index.php (13)
2014/04/03 07:29:01 [error] [php] Trying to get property of non-object (/var/www/youyuan/protected/views/site/index.php:80)
Stack trace:
#0 /var/www/yii/framework/web/CController.php(869): SiteController->renderFile()
#1 /var/www/youyuan/protected/controllers/SiteController.php(41): SiteController->renderPartial()
#2 /var/www/yii/framework/web/actions/CInlineAction.php(49): SiteController->actionIndex()
#3 /var/www/yii/framework/web/CController.php(308): CInlineAction->runWithParams()
#4 /var/www/yii/framework/web/CController.php(286): SiteController->runAction()
#5 /var/www/yii/framework/web/CController.php(265): SiteController->runActionWithFilters()
#6 /var/www/yii/framework/web/CWebApplication.php(282): SiteController->run()
#7 /var/www/yii/framework/web/CWebApplication.php(141): CWebApplication->runController()
#8 /var/www/yii/framework/base/CApplication.php(169): CWebApplication->processRequest()
#9 /var/www/youyuan/index.php(13): CWebApplication->run()
REQUEST_URI=/
in /var/www/youyuan/protected/views/site/index.php (80)
in /var/www/youyuan/protected/controllers/SiteController.php (41)
in /var/www/youyuan/index.php (13)
2014/04/03 07:29:02 [error] [php] Trying to get property of non-object (/var/www/youyuan/protected/views/site/index.php:80)
Stack trace:
#0 /var/www/yii/framework/web/CController.php(869): SiteController->renderFile()
#1 /var/www/youyuan/protected/controllers/SiteController.php(41): SiteController->renderPartial()
#2 /var/www/yii/framework/web/actions/CInlineAction.php(49): SiteController->actionIndex()
#3 /var/www/yii/framework/web/CController.php(308): CInlineAction->runWithParams()
#4 /var/www/yii/framework/web/CController.php(286): SiteController->runAction()
#5 /var/www/yii/framework/web/CController.php(265): SiteController->runActionWithFilters()
#6 /var/www/yii/framework/web/CWebApplication.php(282): SiteController->run()
#7 /var/www/yii/framework/web/CWebApplication.php(141): CWebApplication->runController()
#8 /var/www/yii/framework/base/CApplication.php(169): CWebApplication->processRequest()
#9 /var/www/youyuan/index.php(13): CWebApplication->run()
REQUEST_URI=/
in /var/www/youyuan/protected/views/site/index.php (80)
in /var/www/youyuan/protected/controllers/SiteController.php (41)
in /var/www/youyuan/index.php (13)
2014/04/03 07:29:08 [error] [php] Trying to get property of non-object (/var/www/youyuan/protected/views/site/index.php:80)
Stack trace:
#0 /var/www/yii/framework/web/CController.php(869): SiteController->renderFile()
#1 /var/www/youyuan/protected/controllers/SiteController.php(41): SiteController->renderPartial()
#2 /var/www/yii/framework/web/actions/CInlineAction.php(49): SiteController->actionIndex()
#3 /var/www/yii/framework/web/CController.php(308): CInlineAction->runWithParams()
#4 /var/www/yii/framework/web/CController.php(286): SiteController->runAction()
#5 /var/www/yii/framework/web/CController.php(265): SiteController->runActionWithFilters()
#6 /var/www/yii/framework/web/CWebApplication.php(282): SiteController->run()
#7 /var/www/yii/framework/web/CWebApplication.php(141): CWebApplication->runController()
#8 /var/www/yii/framework/base/CApplication.php(169): CWebApplication->processRequest()
#9 /var/www/youyuan/index.php(13): CWebApplication->run()
REQUEST_URI=/
in /var/www/youyuan/protected/views/site/index.php (80)
in /var/www/youyuan/protected/controllers/SiteController.php (41)
in /var/www/youyuan/index.php (13)
2014/04/03 07:29:09 [error] [php] Trying to get property of non-object (/var/www/youyuan/protected/views/site/index.php:80)
Stack trace:
#0 /var/www/yii/framework/web/CController.php(869): SiteController->renderFile()
#1 /var/www/youyuan/protected/controllers/SiteController.php(41): SiteController->renderPartial()
#2 /var/www/yii/framework/web/actions/CInlineAction.php(49): SiteController->actionIndex()
#3 /var/www/yii/framework/web/CController.php(308): CInlineAction->runWithParams()
#4 /var/www/yii/framework/web/CController.php(286): SiteController->runAction()
#5 /var/www/yii/framework/web/CController.php(265): SiteController->runActionWithFilters()
#6 /var/www/yii/framework/web/CWebApplication.php(282): SiteController->run()
#7 /var/www/yii/framework/web/CWebApplication.php(141): CWebApplication->runController()
#8 /var/www/yii/framework/base/CApplication.php(169): CWebApplication->processRequest()
#9 /var/www/youyuan/index.php(13): CWebApplication->run()
REQUEST_URI=/
in /var/www/youyuan/protected/views/site/index.php (80)
in /var/www/youyuan/protected/controllers/SiteController.php (41)
in /var/www/youyuan/index.php (13)
2014/04/03 07:29:10 [error] [php] Trying to get property of non-object (/var/www/youyuan/protected/views/site/index.php:80)
Stack trace:
#0 /var/www/yii/framework/web/CController.php(869): SiteController->renderFile()
#1 /var/www/youyuan/protected/controllers/SiteController.php(41): SiteController->renderPartial()
#2 /var/www/yii/framework/web/actions/CInlineAction.php(49): SiteController->actionIndex()
#3 /var/www/yii/framework/web/CController.php(308): CInlineAction->runWithParams()
#4 /var/www/yii/framework/web/CController.php(286): SiteController->runAction()
#5 /var/www/yii/framework/web/CController.php(265): SiteController->runActionWithFilters()
#6 /var/www/yii/framework/web/CWebApplication.php(282): SiteController->run()
#7 /var/www/yii/framework/web/CWebApplication.php(141): CWebApplication->runController()
#8 /var/www/yii/framework/base/CApplication.php(169): CWebApplication->processRequest()
#9 /var/www/youyuan/index.php(13): CWebApplication->run()
REQUEST_URI=/
in /var/www/youyuan/protected/views/site/index.php (80)
in /var/www/youyuan/protected/controllers/SiteController.php (41)
in /var/www/youyuan/index.php (13)
2014/04/03 07:29:10 [error] [php] Trying to get property of non-object (/var/www/youyuan/protected/views/site/index.php:80)
Stack trace:
#0 /var/www/yii/framework/web/CController.php(869): SiteController->renderFile()
#1 /var/www/youyuan/protected/controllers/SiteController.php(41): SiteController->renderPartial()
#2 /var/www/yii/framework/web/actions/CInlineAction.php(49): SiteController->actionIndex()
#3 /var/www/yii/framework/web/CController.php(308): CInlineAction->runWithParams()
#4 /var/www/yii/framework/web/CController.php(286): SiteController->runAction()
#5 /var/www/yii/framework/web/CController.php(265): SiteController->runActionWithFilters()
#6 /var/www/yii/framework/web/CWebApplication.php(282): SiteController->run()
#7 /var/www/yii/framework/web/CWebApplication.php(141): CWebApplication->runController()
#8 /var/www/yii/framework/base/CApplication.php(169): CWebApplication->processRequest()
#9 /var/www/youyuan/index.php(13): CWebApplication->run()
REQUEST_URI=/
in /var/www/youyuan/protected/views/site/index.php (80)
in /var/www/youyuan/protected/controllers/SiteController.php (41)
in /var/www/youyuan/index.php (13)
2014/04/03 07:29:10 [error] [php] Trying to get property of non-object (/var/www/youyuan/protected/views/site/index.php:80)
Stack trace:
#0 /var/www/yii/framework/web/CController.php(869): SiteController->renderFile()
#1 /var/www/youyuan/protected/controllers/SiteController.php(41): SiteController->renderPartial()
#2 /var/www/yii/framework/web/actions/CInlineAction.php(49): SiteController->actionIndex()
#3 /var/www/yii/framework/web/CController.php(308): CInlineAction->runWithParams()
#4 /var/www/yii/framework/web/CController.php(286): SiteController->runAction()
#5 /var/www/yii/framework/web/CController.php(265): SiteController->runActionWithFilters()
#6 /var/www/yii/framework/web/CWebApplication.php(282): SiteController->run()
#7 /var/www/yii/framework/web/CWebApplication.php(141): CWebApplication->runController()
#8 /var/www/yii/framework/base/CApplication.php(169): CWebApplication->processRequest()
#9 /var/www/youyuan/index.php(13): CWebApplication->run()
REQUEST_URI=/
in /var/www/youyuan/protected/views/site/index.php (80)
in /var/www/youyuan/protected/controllers/SiteController.php (41)
in /var/www/youyuan/index.php (13)
2014/04/03 07:29:10 [error] [php] Trying to get property of non-object (/var/www/youyuan/protected/views/site/index.php:80)
Stack trace:
#0 /var/www/yii/framework/web/CController.php(869): SiteController->renderFile()
#1 /var/www/youyuan/protected/controllers/SiteController.php(41): SiteController->renderPartial()
#2 /var/www/yii/framework/web/actions/CInlineAction.php(49): SiteController->actionIndex()
#3 /var/www/yii/framework/web/CController.php(308): CInlineAction->runWithParams()
#4 /var/www/yii/framework/web/CController.php(286): SiteController->runAction()
#5 /var/www/yii/framework/web/CController.php(265): SiteController->runActionWithFilters()
#6 /var/www/yii/framework/web/CWebApplication.php(282): SiteController->run()
#7 /var/www/yii/framework/web/CWebApplication.php(141): CWebApplication->runController()
#8 /var/www/yii/framework/base/CApplication.php(169): CWebApplication->processRequest()
#9 /var/www/youyuan/index.php(13): CWebApplication->run()
REQUEST_URI=/
in /var/www/youyuan/protected/views/site/index.php (80)
in /var/www/youyuan/protected/controllers/SiteController.php (41)
in /var/www/youyuan/index.php (13)
2014/04/03 07:29:10 [error] [php] Trying to get property of non-object (/var/www/youyuan/protected/views/site/index.php:80)
Stack trace:
#0 /var/www/yii/framework/web/CController.php(869): SiteController->renderFile()
#1 /var/www/youyuan/protected/controllers/SiteController.php(41): SiteController->renderPartial()
#2 /var/www/yii/framework/web/actions/CInlineAction.php(49): SiteController->actionIndex()
#3 /var/www/yii/framework/web/CController.php(308): CInlineAction->runWithParams()
#4 /var/www/yii/framework/web/CController.php(286): SiteController->runAction()
#5 /var/www/yii/framework/web/CController.php(265): SiteController->runActionWithFilters()
#6 /var/www/yii/framework/web/CWebApplication.php(282): SiteController->run()
#7 /var/www/yii/framework/web/CWebApplication.php(141): CWebApplication->runController()
#8 /var/www/yii/framework/base/CApplication.php(169): CWebApplication->processRequest()
#9 /var/www/youyuan/index.php(13): CWebApplication->run()
REQUEST_URI=/
in /var/www/youyuan/protected/views/site/index.php (80)
in /var/www/youyuan/protected/controllers/SiteController.php (41)
in /var/www/youyuan/index.php (13)
2014/04/03 07:29:11 [error] [php] Trying to get property of non-object (/var/www/youyuan/protected/views/site/index.php:80)
Stack trace:
#0 /var/www/yii/framework/web/CController.php(869): SiteController->renderFile()
#1 /var/www/youyuan/protected/controllers/SiteController.php(41): SiteController->renderPartial()
#2 /var/www/yii/framework/web/actions/CInlineAction.php(49): SiteController->actionIndex()
#3 /var/www/yii/framework/web/CController.php(308): CInlineAction->runWithParams()
#4 /var/www/yii/framework/web/CController.php(286): SiteController->runAction()
#5 /var/www/yii/framework/web/CController.php(265): SiteController->runActionWithFilters()
#6 /var/www/yii/framework/web/CWebApplication.php(282): SiteController->run()
#7 /var/www/yii/framework/web/CWebApplication.php(141): CWebApplication->runController()
#8 /var/www/yii/framework/base/CApplication.php(169): CWebApplication->processRequest()
#9 /var/www/youyuan/index.php(13): CWebApplication->run()
REQUEST_URI=/
in /var/www/youyuan/protected/views/site/index.php (80)
in /var/www/youyuan/protected/controllers/SiteController.php (41)
in /var/www/youyuan/index.php (13)
2014/04/03 07:29:11 [error] [php] Trying to get property of non-object (/var/www/youyuan/protected/views/site/index.php:80)
Stack trace:
#0 /var/www/yii/framework/web/CController.php(869): SiteController->renderFile()
#1 /var/www/youyuan/protected/controllers/SiteController.php(41): SiteController->renderPartial()
#2 /var/www/yii/framework/web/actions/CInlineAction.php(49): SiteController->actionIndex()
#3 /var/www/yii/framework/web/CController.php(308): CInlineAction->runWithParams()
#4 /var/www/yii/framework/web/CController.php(286): SiteController->runAction()
#5 /var/www/yii/framework/web/CController.php(265): SiteController->runActionWithFilters()
#6 /var/www/yii/framework/web/CWebApplication.php(282): SiteController->run()
#7 /var/www/yii/framework/web/CWebApplication.php(141): CWebApplication->runController()
#8 /var/www/yii/framework/base/CApplication.php(169): CWebApplication->processRequest()
#9 /var/www/youyuan/index.php(13): CWebApplication->run()
REQUEST_URI=/
in /var/www/youyuan/protected/views/site/index.php (80)
in /var/www/youyuan/protected/controllers/SiteController.php (41)
in /var/www/youyuan/index.php (13)
